2024-12-12 17:37:45 Loading main app package /nix/store/v1pi2zyblkgg5dam3w0rnv03r83p0rbi-obsidian-1.7.6/share/obsidian/obsidian.asar
2024-12-12 17:37:46 Checking for update using Github
2024-12-12 17:37:46 Success.
2024-12-12 17:37:46 Latest version is 1.7.7
2024-12-12 17:37:46 Downloading update from https://github.com/obsidianmd/obsidian-releases/releases/download/v1.7.7/obsidian-1.7.7.asar.gz
2024-12-12 17:37:48 Verifying hash & signature. Size= 8000009
2024-12-12 17:37:48 Saving file
2024-12-12 17:37:48 Update complete.
2024-12-12 18:37:45 Checking for update using Github
2024-12-12 18:37:45 Success.
2024-12-12 18:37:45 Latest version is 1.7.7
2024-12-12 18:37:45 An update is already downloaded.
2024-12-12 19:37:45 Checking for update using Github
2024-12-12 19:37:46 Success.
2024-12-12 19:37:46 Latest version is 1.7.7
2024-12-12 19:37:46 An update is already downloaded.
2024-12-12 20:37:45 Checking for update using Github
2024-12-12 20:37:46 Success.
2024-12-12 20:37:46 Latest version is 1.7.7
2024-12-12 20:37:46 An update is already downloaded.
2024-12-12 21:37:45 Checking for update using Github
2024-12-12 21:37:46 Success.
2024-12-12 21:37:46 Latest version is 1.7.7
2024-12-12 21:37:46 An update is already downloaded.
2024-12-12 23:02:55 Loading updated app package /home/emily747/.config/obsidian/obsidian-1.7.7.asar
2024-12-12 23:02:56 Checking for update using Github
2024-12-12 23:02:56 Success.
2024-12-12 23:02:56 Latest version is 1.7.7
2024-12-12 23:02:56 App is up to date.
2024-12-13 00:43:32 Checking for update using Github
2024-12-13 00:43:32 Success.
2024-12-13 00:43:32 Latest version is 1.7.7
2024-12-13 00:43:32 App is up to date.
2024-12-13 02:38:26 Checking for update using Github
2024-12-13 02:38:26 Success.
2024-12-13 02:38:26 Latest version is 1.7.7
2024-12-13 02:38:26 App is up to date.
2024-12-13 03:38:26 Checking for update using Github
2024-12-13 03:38:26 Success.
2024-12-13 03:38:26 Latest version is 1.7.7
2024-12-13 03:38:26 App is up to date.
2024-12-13 04:44:16 Checking for update using Github
2024-12-13 04:44:16 Success.
2024-12-13 04:44:16 Latest version is 1.7.7
2024-12-13 04:44:16 App is up to date.
2024-12-13 13:19:35 Checking for update using Github
2024-12-13 13:19:35 Success.
2024-12-13 13:19:35 Latest version is 1.7.7
2024-12-13 13:19:35 App is up to date.
2024-12-13 14:19:35 Checking for update using Github
2024-12-13 14:19:35 Success.
2024-12-13 14:19:35 Latest version is 1.7.7
2024-12-13 14:19:35 App is up to date.
2024-12-13 15:19:35 Checking for update using Github
2024-12-13 15:19:35 Success.
2024-12-13 15:19:35 Latest version is 1.7.7
2024-12-13 15:19:35 App is up to date.
2024-12-13 16:19:35 Checking for update using Github
2024-12-13 16:19:35 Success.
2024-12-13 16:19:35 Latest version is 1.7.7
2024-12-13 16:19:35 App is up to date.
2024-12-14 03:28:44 Loading updated app package /home/emily747/.config/obsidian/obsidian-1.7.7.asar
2024-12-14 03:28:45 Checking for update using Github
2024-12-14 03:28:45 Success.
2024-12-14 03:28:45 Latest version is 1.7.7
2024-12-14 03:28:45 App is up to date.
2024-12-14 04:28:44 Checking for update using Github
2024-12-14 04:28:44 Success.
2024-12-14 04:28:44 Latest version is 1.7.7
2024-12-14 04:28:44 App is up to date.
2024-12-14 05:28:44 Checking for update using Github
2024-12-14 05:28:44 Success.
2024-12-14 05:28:44 Latest version is 1.7.7
2024-12-14 05:28:44 App is up to date.
2024-12-14 06:28:44 Checking for update using Github
2024-12-14 06:28:44 Success.
2024-12-14 06:28:44 Latest version is 1.7.7
2024-12-14 06:28:44 App is up to date.
2024-12-14 07:28:44 Checking for update using Github
2024-12-14 07:28:44 Success.
2024-12-14 07:28:44 Latest version is 1.7.7
2024-12-14 07:28:44 App is up to date.
2024-12-14 08:28:44 Checking for update using Github
2024-12-14 08:28:44 Success.
2024-12-14 08:28:44 Latest version is 1.7.7
2024-12-14 08:28:44 App is up to date.
2024-12-14 09:28:44 Checking for update using Github
2024-12-14 09:28:44 Success.
2024-12-14 09:28:44 Latest version is 1.7.7
2024-12-14 09:28:44 App is up to date.
2024-12-14 10:28:44 Checking for update using Github
2024-12-14 10:28:45 Success.
2024-12-14 10:28:45 Latest version is 1.7.7
2024-12-14 10:28:45 App is up to date.
2024-12-14 11:28:45 Checking for update using Github
2024-12-14 11:28:45 Success.
2024-12-14 11:28:45 Latest version is 1.7.7
2024-12-14 11:28:45 App is up to date.
2024-12-14 12:28:45 Checking for update using Github
2024-12-14 12:28:45 Success.
2024-12-14 12:28:45 Latest version is 1.7.7
2024-12-14 12:28:45 App is up to date.
2024-12-14 13:28:45 Checking for update using Github
2024-12-14 13:28:45 Success.
2024-12-14 13:28:45 Latest version is 1.7.7
2024-12-14 13:28:45 App is up to date.
2024-12-14 14:28:45 Checking for update using Github
2024-12-14 14:28:45 Success.
2024-12-14 14:28:45 Latest version is 1.7.7
2024-12-14 14:28:45 App is up to date.
2024-12-14 15:28:45 Checking for update using Github
2024-12-14 15:28:45 Success.
2024-12-14 15:28:45 Latest version is 1.7.7
2024-12-14 15:28:45 App is up to date.
2024-12-14 16:28:45 Checking for update using Github
2024-12-14 16:28:45 Success.
2024-12-14 16:28:45 Latest version is 1.7.7
2024-12-14 16:28:45 App is up to date.
2024-12-14 17:28:45 Checking for update using Github
2024-12-14 17:28:45 Success.
2024-12-14 17:28:45 Latest version is 1.7.7
2024-12-14 17:28:45 App is up to date.
2024-12-14 18:28:45 Checking for update using Github
2024-12-14 18:28:45 Success.
2024-12-14 18:28:45 Latest version is 1.7.7
2024-12-14 18:28:45 App is up to date.
2024-12-14 19:28:45 Checking for update using Github
2024-12-14 19:28:45 Success.
2024-12-14 19:28:45 Latest version is 1.7.7
2024-12-14 19:28:45 App is up to date.
2024-12-14 20:28:45 Checking for update using Github
2024-12-14 20:28:45 Success.
2024-12-14 20:28:45 Latest version is 1.7.7
2024-12-14 20:28:45 App is up to date.
2024-12-14 21:28:45 Checking for update using Github
2024-12-14 21:28:45 Success.
2024-12-14 21:28:45 Latest version is 1.7.7
2024-12-14 21:28:45 App is up to date.
2024-12-14 22:28:45 Checking for update using Github
2024-12-14 22:28:46 Success.
2024-12-14 22:28:46 Latest version is 1.7.7
2024-12-14 22:28:46 App is up to date.
2024-12-14 23:28:45 Checking for update using Github
2024-12-14 23:28:46 Success.
2024-12-14 23:28:46 Latest version is 1.7.7
2024-12-14 23:28:46 App is up to date.
2024-12-15 00:28:46 Checking for update using Github
2024-12-15 00:28:46 Success.
2024-12-15 00:28:46 Latest version is 1.7.7
2024-12-15 00:28:46 App is up to date.
2024-12-15 01:28:46 Checking for update using Github
2024-12-15 01:28:46 Success.
2024-12-15 01:28:46 Latest version is 1.7.7
2024-12-15 01:28:46 App is up to date.
2024-12-15 02:28:46 Checking for update using Github
2024-12-15 02:28:46 Success.
2024-12-15 02:28:46 Latest version is 1.7.7
2024-12-15 02:28:46 App is up to date.
2024-12-15 03:28:46 Checking for update using Github
2024-12-15 03:28:46 Success.
2024-12-15 03:28:46 Latest version is 1.7.7
2024-12-15 03:28:46 App is up to date.
2024-12-15 04:34:34 Checking for update using Github
2024-12-15 04:34:34 Success.
2024-12-15 04:34:34 Latest version is 1.7.7
2024-12-15 04:34:34 App is up to date.
2024-12-15 05:34:35 Checking for update using Github
2024-12-15 05:34:35 Success.
2024-12-15 05:34:35 Latest version is 1.7.7
2024-12-15 05:34:35 App is up to date.
2024-12-15 14:50:49 Checking for update using Github
2024-12-15 14:50:49 Success.
2024-12-15 14:50:49 Latest version is 1.7.7
2024-12-15 14:50:49 App is up to date.
2024-12-15 15:50:49 Checking for update using Github
2024-12-15 15:50:49 Success.
2024-12-15 15:50:49 Latest version is 1.7.7
2024-12-15 15:50:49 App is up to date.
2024-12-15 16:50:49 Checking for update using Github
2024-12-15 16:50:49 Success.
2024-12-15 16:50:49 Latest version is 1.7.7
2024-12-15 16:50:49 App is up to date.
2024-12-15 17:50:49 Checking for update using Github
2024-12-15 17:50:49 Success.
2024-12-15 17:50:49 Latest version is 1.7.7
2024-12-15 17:50:49 App is up to date.
2024-12-15 19:58:34 Loading updated app package /home/emily747/.config/obsidian/obsidian-1.7.7.asar
2024-12-15 19:58:34 Checking for update using Github
2024-12-15 19:58:34 Checking for update using Github
2024-12-15 19:58:35 Success.
2024-12-15 19:58:35 Latest version is 1.7.7
2024-12-15 19:58:35 App is up to date.
2024-12-15 20:58:34 Checking for update using Github
2024-12-15 20:58:34 Success.
2024-12-15 20:58:34 Latest version is 1.7.7
2024-12-15 20:58:34 App is up to date.
2024-12-16 00:14:07 Checking for update using Github
2024-12-16 00:14:08 Success.
2024-12-16 00:14:08 Latest version is 1.7.7
2024-12-16 00:14:08 App is up to date.
2024-12-16 01:25:19 Checking for update using Github
2024-12-16 01:25:19 Success.
2024-12-16 01:25:19 Latest version is 1.7.7
2024-12-16 01:25:19 App is up to date.
2024-12-16 02:42:12 Checking for update using Github
2024-12-16 02:42:12 Success.
2024-12-16 02:42:12 Latest version is 1.7.7
2024-12-16 02:42:12 App is up to date.
2024-12-16 03:42:12 Checking for update using Github
2024-12-16 03:42:12 Success.
2024-12-16 03:42:12 Latest version is 1.7.7
2024-12-16 03:42:12 App is up to date.
2024-12-16 04:44:18 Checking for update using Github
2024-12-16 04:44:18 Success.
2024-12-16 04:44:18 Latest version is 1.7.7
2024-12-16 04:44:18 App is up to date.
2024-12-16 05:44:18 Checking for update using Github
2024-12-16 05:44:18 Success.
2024-12-16 05:44:18 Latest version is 1.7.7
2024-12-16 05:44:18 App is up to date.
2024-12-16 17:27:12 Checking for update using Github
2024-12-16 17:27:12 Success.
2024-12-16 17:27:12 Latest version is 1.7.7
2024-12-16 17:27:12 App is up to date.
2024-12-16 20:34:39 Checking for update using Github
2024-12-16 20:34:39 Success.
2024-12-16 20:34:39 Latest version is 1.7.7
2024-12-16 20:34:39 App is up to date.
2024-12-16 22:18:41 Checking for update using Github
2024-12-16 22:18:41 Success.
2024-12-16 22:18:41 Latest version is 1.7.7
2024-12-16 22:18:41 App is up to date.
2024-12-16 23:32:21 Checking for update using Github
2024-12-16 23:32:21 Success.
2024-12-16 23:32:21 Latest version is 1.7.7
2024-12-16 23:32:21 App is up to date.
2024-12-17 00:32:21 Checking for update using Github
2024-12-17 00:32:21 Success.
2024-12-17 00:32:21 Latest version is 1.7.7
2024-12-17 00:32:21 App is up to date.
2024-12-17 02:49:24 Checking for update using Github
2024-12-17 02:49:24 Success.
2024-12-17 02:49:24 Latest version is 1.7.7
2024-12-17 02:49:24 App is up to date.
2024-12-17 05:01:25 Checking for update using Github
2024-12-17 05:01:25 Success.
2024-12-17 05:01:25 Latest version is 1.7.7
2024-12-17 05:01:25 App is up to date.
2024-12-17 06:01:25 Checking for update using Github
2024-12-17 06:01:25 Success.
2024-12-17 06:01:25 Latest version is 1.7.7
2024-12-17 06:01:25 App is up to date.
2024-12-18 02:20:30 Checking for update using Github
2024-12-18 02:20:30 Success.
2024-12-18 02:20:30 Latest version is 1.7.7
2024-12-18 02:20:30 App is up to date.
2024-12-18 03:20:30 Checking for update using Github
2024-12-18 03:20:30 Success.
2024-12-18 03:20:30 Latest version is 1.7.7
2024-12-18 03:20:30 App is up to date.
2024-12-18 19:25:37 Checking for update using Github
2024-12-18 19:25:37 Success.
2024-12-18 19:25:37 Latest version is 1.7.7
2024-12-18 19:25:37 App is up to date.
2024-12-18 23:21:25 Checking for update using Github
2024-12-18 23:21:25 Success.
2024-12-18 23:21:25 Latest version is 1.7.7
2024-12-18 23:21:25 App is up to date.
2024-12-19 00:02:29 Loading updated app package /home/emily747/.config/obsidian/obsidian-1.7.7.asar
2024-12-19 00:02:29 Checking for update using Github
2024-12-19 00:22:01 Checking for update using Github
2024-12-19 00:22:01 Success.
2024-12-19 00:22:01 Latest version is 1.7.7
2024-12-19 00:22:01 App is up to date.
2024-12-19 22:49:49 Checking for update using Github
2024-12-19 22:49:49 Success.
2024-12-19 22:49:49 Latest version is 1.7.7
2024-12-19 22:49:49 App is up to date.
2024-12-19 23:49:49 Checking for update using Github
2024-12-19 23:49:49 Success.
2024-12-19 23:49:49 Latest version is 1.7.7
2024-12-19 23:49:49 App is up to date.
2024-12-20 03:21:06 Checking for update using Github
2024-12-20 03:21:06 Success.
2024-12-20 03:21:06 Latest version is 1.7.7
2024-12-20 03:21:06 App is up to date.
2024-12-20 07:37:56 Checking for update using Github
2024-12-20 07:37:56 Success.
2024-12-20 07:37:56 Latest version is 1.7.7
2024-12-20 07:37:56 App is up to date.
2024-12-20 18:16:31 Checking for update using Github
2024-12-20 18:16:31 Success.
2024-12-20 18:16:31 Latest version is 1.7.7
2024-12-20 18:16:31 App is up to date.
2024-12-21 03:07:08 Checking for update using Github
2024-12-21 03:07:08 Success.
2024-12-21 03:07:08 Latest version is 1.7.7
2024-12-21 03:07:08 App is up to date.
2024-12-21 06:18:05 Checking for update using Github
2024-12-21 06:18:05 Success.
2024-12-21 06:18:05 Latest version is 1.7.7
2024-12-21 06:18:05 App is up to date.
2024-12-21 17:18:57 Checking for update using Github
2024-12-21 17:18:57 Success.
2024-12-21 17:18:57 Latest version is 1.7.7
2024-12-21 17:18:57 App is up to date.
2024-12-21 18:18:57 Checking for update using Github
2024-12-21 18:18:57 Success.
2024-12-21 18:18:57 Latest version is 1.7.7
2024-12-21 18:18:57 App is up to date.
2024-12-21 19:18:57 Checking for update using Github
2024-12-21 19:18:57 Success.
2024-12-21 19:18:57 Latest version is 1.7.7
2024-12-21 19:18:57 App is up to date.
2024-12-22 20:06:19 Checking for update using Github
2024-12-22 20:06:19 Success.
2024-12-22 20:06:19 Latest version is 1.7.7
2024-12-22 20:06:19 App is up to date.
2024-12-22 21:06:19 Checking for update using Github
2024-12-22 21:06:19 Success.
2024-12-22 21:06:19 Latest version is 1.7.7
2024-12-22 21:06:19 App is up to date.
2024-12-22 22:06:19 Checking for update using Github
2024-12-22 22:06:19 Success.
2024-12-22 22:06:19 Latest version is 1.7.7
2024-12-22 22:06:19 App is up to date.
2024-12-22 23:06:19 Checking for update using Github
2024-12-22 23:06:19 Success.
2024-12-22 23:06:19 Latest version is 1.7.7
2024-12-22 23:06:19 App is up to date.
2024-12-23 00:06:19 Checking for update using Github
2024-12-23 00:06:19 Success.
2024-12-23 00:06:19 Latest version is 1.7.7
2024-12-23 00:06:19 App is up to date.
2024-12-23 01:06:19 Checking for update using Github
2024-12-23 01:06:19 Success.
2024-12-23 01:06:19 Latest version is 1.7.7
2024-12-23 01:06:19 App is up to date.
2024-12-23 02:06:19 Checking for update using Github
2024-12-23 02:06:19 Success.
2024-12-23 02:06:19 Latest version is 1.7.7
2024-12-23 02:06:19 App is up to date.
2024-12-23 04:59:18 Checking for update using Github
2024-12-23 04:59:18 Success.
2024-12-23 04:59:18 Latest version is 1.7.7
2024-12-23 04:59:18 App is up to date.
2024-12-23 05:59:18 Checking for update using Github
2024-12-23 05:59:18 Success.
2024-12-23 05:59:18 Latest version is 1.7.7
2024-12-23 05:59:18 App is up to date.
2024-12-23 21:34:28 Checking for update using Github
2024-12-23 21:34:28 Success.
2024-12-23 21:34:28 Latest version is 1.7.7
2024-12-23 21:34:28 App is up to date.
2024-12-24 02:36:10 Checking for update using Github
2024-12-24 02:36:10 Success.
2024-12-24 02:36:10 Latest version is 1.7.7
2024-12-24 02:36:10 App is up to date.
2024-12-24 06:20:09 Checking for update using Github
2024-12-24 06:20:09 Success.
2024-12-24 06:20:09 Latest version is 1.7.7
2024-12-24 06:20:09 App is up to date.
2024-12-24 07:20:09 Checking for update using Github
2024-12-24 07:20:09 Success.
2024-12-24 07:20:09 Latest version is 1.7.7
2024-12-24 07:20:09 App is up to date.
2024-12-24 18:20:27 Checking for update using Github
2024-12-24 18:20:27 Success.
2024-12-24 18:20:27 Latest version is 1.7.7
2024-12-24 18:20:27 App is up to date.
2024-12-25 17:55:55 Checking for update using Github
2024-12-25 17:55:55 Success.
2024-12-25 17:55:55 Latest version is 1.7.7
2024-12-25 17:55:55 App is up to date.
2024-12-26 01:28:58 Checking for update using Github
2024-12-26 01:28:58 Success.
2024-12-26 01:28:58 Latest version is 1.7.7
2024-12-26 01:28:58 App is up to date.
2024-12-28 04:02:37 Checking for update using Github
2024-12-28 04:02:37 Success.
2024-12-28 04:02:37 Latest version is 1.7.7
2024-12-28 04:02:37 App is up to date.
2024-12-28 05:02:37 Checking for update using Github
2024-12-28 05:02:37 Success.
2024-12-28 05:02:37 Latest version is 1.7.7
2024-12-28 05:02:37 App is up to date.
2024-12-29 06:29:33 Checking for update using Github
2024-12-29 06:29:33 Success.
2024-12-29 06:29:33 Latest version is 1.7.7
2024-12-29 06:29:33 App is up to date.
2024-12-29 21:18:36 Checking for update using Github
2024-12-29 21:18:36 Success.
2024-12-29 21:18:36 Latest version is 1.7.7
2024-12-29 21:18:36 App is up to date.
2024-12-29 22:18:36 Checking for update using Github
2024-12-29 22:18:36 Success.
2024-12-29 22:18:36 Latest version is 1.7.7
2024-12-29 22:18:36 App is up to date.
2024-12-29 23:18:36 Checking for update using Github
2024-12-29 23:18:36 Success.
2024-12-29 23:18:36 Latest version is 1.7.7
2024-12-29 23:18:36 App is up to date.
2024-12-30 01:26:57 Checking for update using Github
2024-12-30 01:26:57 Success.
2024-12-30 01:26:57 Latest version is 1.7.7
2024-12-30 01:26:57 App is up to date.
2024-12-30 05:43:17 Checking for update using Github
2024-12-30 05:43:17 Success.
2024-12-30 05:43:17 Latest version is 1.7.7
2024-12-30 05:43:17 App is up to date.
2024-12-30 19:06:14 Checking for update using Github
2024-12-30 19:06:14 Success.
2024-12-30 19:06:14 Latest version is 1.7.7
2024-12-30 19:06:14 App is up to date.
2024-12-30 20:47:54 Checking for update using Github
2024-12-30 20:47:55 Success.
2024-12-30 20:47:55 Latest version is 1.7.7
2024-12-30 20:47:55 App is up to date.
2024-12-30 22:54:48 Checking for update using Github
2024-12-30 22:54:48 Success.
2024-12-30 22:54:48 Latest version is 1.7.7
2024-12-30 22:54:48 App is up to date.
2024-12-31 01:23:56 Checking for update using Github
2024-12-31 01:23:56 Success.
2024-12-31 01:23:56 Latest version is 1.7.7
2024-12-31 01:23:56 App is up to date.
2024-12-31 06:58:48 Checking for update using Github
2024-12-31 06:58:48 Success.
2024-12-31 06:58:48 Latest version is 1.7.7
2024-12-31 06:58:48 App is up to date.
2024-12-31 20:30:42 Checking for update using Github
2024-12-31 20:30:42 Failed to check for update using Github (net::ERR_INTERNET_DISCONNECTED)
2024-12-31 20:30:42 Checking for update using obsidian.md
2024-12-31 20:30:42 Failed to check for update using obsidian.md (net::ERR_INTERNET_DISCONNECTED)
2025-01-03 02:55:41 Loading updated app package /home/emily747/.config/obsidian/obsidian-1.7.7.asar
2025-01-03 02:55:42 Checking for update using Github
2025-01-03 02:55:42 Success.
2025-01-03 02:55:42 Latest version is 1.7.7
2025-01-03 02:55:42 App is up to date.
2025-01-03 03:55:41 Checking for update using Github
2025-01-03 03:55:41 Success.
2025-01-03 03:55:41 Latest version is 1.7.7
2025-01-03 03:55:41 App is up to date.
2025-01-03 04:55:41 Checking for update using Github
2025-01-03 04:55:41 Success.
2025-01-03 04:55:41 Latest version is 1.7.7
2025-01-03 04:55:41 App is up to date.
2025-01-03 05:55:41 Checking for update using Github
2025-01-03 05:55:41 Success.
2025-01-03 05:55:41 Latest version is 1.7.7
2025-01-03 05:55:41 App is up to date.
2025-01-06 06:39:45 Loading updated app package /home/emily747/.config/obsidian/obsidian-1.7.7.asar
2025-01-06 06:39:45 Checking for update using Github
2025-01-06 06:39:45 Success.
2025-01-06 06:39:45 Latest version is 1.7.7
2025-01-06 06:39:45 App is up to date.
2025-01-06 15:49:58 Checking for update using Github
2025-01-06 15:49:58 Success.
2025-01-06 15:49:58 Latest version is 1.7.7
2025-01-06 15:49:58 App is up to date.
2025-01-06 17:10:54 Checking for update using Github
2025-01-06 17:10:54 Success.
2025-01-06 17:10:54 Latest version is 1.7.7
2025-01-06 17:10:54 App is up to date.
2025-01-06 18:17:41 Checking for update using Github
2025-01-06 18:17:41 Success.
2025-01-06 18:17:41 Latest version is 1.7.7
2025-01-06 18:17:41 App is up to date.
2025-01-06 22:09:08 Checking for update using Github
2025-01-06 22:09:08 Success.
2025-01-06 22:09:08 Latest version is 1.7.7
2025-01-06 22:09:08 App is up to date.
2025-01-07 04:33:37 Checking for update using Github
2025-01-07 04:33:38 Success.
2025-01-07 04:33:38 Latest version is 1.7.7
2025-01-07 04:33:38 App is up to date.
2025-01-07 19:35:49 Loading updated app package /home/emily747/.config/obsidian/obsidian-1.7.7.asar
2025-01-07 19:35:49 Checking for update using Github
2025-01-07 19:35:50 Success.
2025-01-07 19:35:50 Latest version is 1.7.7
2025-01-07 19:35:50 App is up to date.
2025-01-12 22:52:31 Loading updated app package /home/emily747/.config/obsidian/obsidian-1.7.7.asar
2025-01-12 22:52:31 Checking for update using Github
2025-01-12 22:56:31 Failed to check for update using Github (net::ERR_TIMED_OUT)
2025-01-12 22:56:31 Checking for update using obsidian.md
2025-01-12 22:56:31 Failed to check for update using obsidian.md (net::ERR_TIMED_OUT)
2025-01-12 23:52:31 Checking for update using Github
2025-01-12 23:52:31 Success.
2025-01-12 23:52:31 Latest version is 1.7.7
2025-01-12 23:52:31 App is up to date.
2025-01-13 00:52:31 Checking for update using Github
2025-01-13 00:52:31 Success.
2025-01-13 00:52:31 Latest version is 1.7.7
2025-01-13 00:52:31 App is up to date.
2025-01-13 01:52:31 Checking for update using Github
2025-01-13 01:52:31 Success.
2025-01-13 01:52:31 Latest version is 1.7.7
2025-01-13 01:52:31 App is up to date.
2025-01-13 02:52:31 Checking for update using Github
2025-01-13 02:52:31 Success.
2025-01-13 02:52:31 Latest version is 1.7.7
2025-01-13 02:52:31 App is up to date.
2025-01-13 03:52:31 Checking for update using Github
2025-01-13 03:52:31 Success.
2025-01-13 03:52:31 Latest version is 1.7.7
2025-01-13 03:52:31 App is up to date.
2025-01-13 10:26:39 Checking for update using Github
2025-01-13 10:26:39 Success.
2025-01-13 10:26:39 Latest version is 1.7.7
2025-01-13 10:26:39 App is up to date.
2025-01-13 12:06:34 Loading updated app package /home/emily747/.config/obsidian/obsidian-1.7.7.asar
2025-01-13 12:06:35 Checking for update using Github
2025-01-13 12:06:35 Failed to check for update using Github (net::ERR_INTERNET_DISCONNECTED)
2025-01-13 12:06:35 Checking for update using obsidian.md
2025-01-13 12:06:35 Failed to check for update using obsidian.md (net::ERR_INTERNET_DISCONNECTED)
2025-01-13 14:12:31 Checking for update using Github
2025-01-13 14:12:31 Success.
2025-01-13 14:12:31 Latest version is 1.7.7
2025-01-13 14:12:31 App is up to date.
2025-01-13 15:12:31 Checking for update using Github
2025-01-13 15:12:31 Success.
2025-01-13 15:12:31 Latest version is 1.7.7
2025-01-13 15:12:31 App is up to date.
2025-01-14 12:33:55 Checking for update using Github
2025-01-14 12:33:55 Success.
2025-01-14 12:33:55 Latest version is 1.7.7
2025-01-14 12:33:55 App is up to date.
2025-01-16 11:08:50 Loading updated app package /home/emily747/.config/obsidian/obsidian-1.7.7.asar
2025-01-16 11:08:50 Checking for update using Github
2025-01-16 11:08:51 Success.
2025-01-16 11:08:51 Latest version is 1.7.7
2025-01-16 11:08:51 App is up to date.
2025-01-16 12:16:18 Loading updated app package /home/emily747/.config/obsidian/obsidian-1.7.7.asar
2025-01-16 12:16:19 Checking for update using Github
2025-01-16 12:16:19 Success.
2025-01-16 12:16:19 Latest version is 1.7.7
2025-01-16 12:16:19 App is up to date.
2025-01-16 13:18:55 Checking for update using Github
2025-01-16 13:18:55 Success.
2025-01-16 13:18:55 Latest version is 1.7.7
2025-01-16 13:18:55 App is up to date.
2025-01-16 14:23:43 Checking for update using Github
2025-01-16 14:23:43 Success.
2025-01-16 14:23:43 Latest version is 1.7.7
2025-01-16 14:23:43 App is up to date.
2025-01-16 15:33:50 Checking for update using Github
2025-01-16 15:33:50 Success.
2025-01-16 15:33:50 Latest version is 1.7.7
2025-01-16 15:33:50 App is up to date.
2025-01-16 16:53:56 Checking for update using Github
2025-01-16 16:53:56 Success.
2025-01-16 16:53:56 Latest version is 1.7.7
2025-01-16 16:53:56 App is up to date.
2025-01-16 17:53:56 Checking for update using Github
2025-01-16 17:53:56 Success.
2025-01-16 17:53:56 Latest version is 1.7.7
2025-01-16 17:53:56 App is up to date.
2025-01-16 19:56:21 Checking for update using Github
2025-01-16 19:56:21 Success.
2025-01-16 19:56:21 Latest version is 1.7.7
2025-01-16 19:56:21 App is up to date.
2025-01-16 20:56:21 Checking for update using Github
2025-01-16 20:56:21 Success.
2025-01-16 20:56:21 Latest version is 1.7.7
2025-01-16 20:56:21 App is up to date.
2025-01-16 21:56:21 Checking for update using Github
2025-01-16 21:56:21 Success.
2025-01-16 21:56:21 Latest version is 1.7.7
2025-01-16 21:56:21 App is up to date.
2025-01-16 22:56:21 Checking for update using Github
2025-01-16 22:56:21 Success.
2025-01-16 22:56:21 Latest version is 1.7.7
2025-01-16 22:56:21 App is up to date.
2025-01-19 14:20:03 Loading updated app package /home/emily747/.config/obsidian/obsidian-1.7.7.asar
2025-01-19 14:20:03 Checking for update using Github
2025-01-19 14:20:03 Success.
2025-01-19 14:20:03 Latest version is 1.7.7
2025-01-19 14:20:03 App is up to date.
2025-01-19 15:20:03 Checking for update using Github
2025-01-19 15:20:03 Success.
2025-01-19 15:20:03 Latest version is 1.7.7
2025-01-19 15:20:03 App is up to date.
2025-01-19 16:20:03 Checking for update using Github
2025-01-19 16:20:03 Success.
2025-01-19 16:20:03 Latest version is 1.7.7
2025-01-19 16:20:03 App is up to date.
2025-01-19 17:20:03 Checking for update using Github
2025-01-19 17:20:03 Success.
2025-01-19 17:20:03 Latest version is 1.7.7
2025-01-19 17:20:03 App is up to date.
2025-01-19 18:20:03 Checking for update using Github
2025-01-19 18:20:03 Success.
2025-01-19 18:20:03 Latest version is 1.7.7
2025-01-19 18:20:03 App is up to date.
2025-01-19 19:20:03 Checking for update using Github
2025-01-19 19:20:03 Success.
2025-01-19 19:20:03 Latest version is 1.7.7
2025-01-19 19:20:03 App is up to date.
2025-01-19 20:41:19 Checking for update using Github
2025-01-19 20:41:19 Success.
2025-01-19 20:41:19 Latest version is 1.7.7
2025-01-19 20:41:19 App is up to date.
2025-01-19 21:41:19 Checking for update using Github
2025-01-19 21:41:19 Success.
2025-01-19 21:41:19 Latest version is 1.7.7
2025-01-19 21:41:19 App is up to date.
2025-01-19 22:41:19 Checking for update using Github
2025-01-19 22:41:19 Success.
2025-01-19 22:41:19 Latest version is 1.7.7
2025-01-19 22:41:19 App is up to date.
2025-01-19 23:41:39 Checking for update using Github
2025-01-19 23:41:39 Success.
2025-01-19 23:41:39 Latest version is 1.7.7
2025-01-19 23:41:39 App is up to date.
2025-01-20 00:41:39 Checking for update using Github
2025-01-20 00:41:39 Success.
2025-01-20 00:41:39 Latest version is 1.7.7
2025-01-20 00:41:39 App is up to date.
2025-01-20 11:10:28 Checking for update using Github
2025-01-20 11:10:28 Success.
2025-01-20 11:10:28 Latest version is 1.7.7
2025-01-20 11:10:28 App is up to date.
2025-01-20 13:22:06 Checking for update using Github
2025-01-20 13:22:06 Success.
2025-01-20 13:22:06 Latest version is 1.7.7
2025-01-20 13:22:06 App is up to date.
2025-01-20 16:39:36 Checking for update using Github
2025-01-20 16:39:36 Success.
2025-01-20 16:39:36 Latest version is 1.7.7
2025-01-20 16:39:36 App is up to date.
2025-01-20 17:39:36 Checking for update using Github
2025-01-20 17:39:36 Success.
2025-01-20 17:39:36 Latest version is 1.7.7
2025-01-20 17:39:36 App is up to date.
2025-01-20 18:39:36 Checking for update using Github
2025-01-20 18:39:36 Success.
2025-01-20 18:39:36 Latest version is 1.7.7
2025-01-20 18:39:36 App is up to date.
2025-01-20 22:59:44 Checking for update using Github
2025-01-20 22:59:45 Success.
2025-01-20 22:59:45 Latest version is 1.7.7
2025-01-20 22:59:45 App is up to date.
2025-01-20 23:59:45 Checking for update using Github
2025-01-20 23:59:45 Success.
2025-01-20 23:59:45 Latest version is 1.7.7
2025-01-20 23:59:45 App is up to date.
2025-01-21 11:12:14 Checking for update using Github
2025-01-21 11:12:14 Success.
2025-01-21 11:12:14 Latest version is 1.7.7
2025-01-21 11:12:14 App is up to date.
2025-01-21 12:17:11 Checking for update using Github
2025-01-21 12:17:11 Success.
2025-01-21 12:17:11 Latest version is 1.7.7
2025-01-21 12:17:11 App is up to date.
2025-01-21 13:54:10 Checking for update using Github
2025-01-21 13:54:10 Success.
2025-01-21 13:54:10 Latest version is 1.7.7
2025-01-21 13:54:10 App is up to date.
2025-01-21 14:54:10 Checking for update using Github
2025-01-21 14:54:10 Success.
2025-01-21 14:54:10 Latest version is 1.7.7
2025-01-21 14:54:10 App is up to date.
2025-01-21 16:58:00 Checking for update using Github
2025-01-21 16:58:00 Success.
2025-01-21 16:58:00 Latest version is 1.7.7
2025-01-21 16:58:00 App is up to date.
2025-01-21 17:58:00 Checking for update using Github
2025-01-21 17:58:00 Success.
2025-01-21 17:58:00 Latest version is 1.7.7
2025-01-21 17:58:00 App is up to date.
2025-01-22 01:35:41 Checking for update using Github
2025-01-22 01:35:41 Success.
2025-01-22 01:35:41 Latest version is 1.7.7
2025-01-22 01:35:41 App is up to date.
2025-01-22 02:35:41 Checking for update using Github
2025-01-22 02:35:41 Success.
2025-01-22 02:35:41 Latest version is 1.7.7
2025-01-22 02:35:41 App is up to date.
2025-01-22 13:17:21 Checking for update using Github
2025-01-22 13:17:21 Success.
2025-01-22 13:17:21 Latest version is 1.7.7
2025-01-22 13:17:21 App is up to date.
2025-01-22 14:17:21 Checking for update using Github
2025-01-22 14:17:21 Success.
2025-01-22 14:17:21 Latest version is 1.7.7
2025-01-22 14:17:21 App is up to date.
2025-01-22 16:11:17 Checking for update using Github
2025-01-22 16:11:17 Failed to check for update using Github (net::ERR_INTERNET_DISCONNECTED)
2025-01-22 16:11:17 Checking for update using obsidian.md
2025-01-22 16:11:17 Failed to check for update using obsidian.md (net::ERR_INTERNET_DISCONNECTED)
2025-01-22 20:42:35 Checking for update using Github
2025-01-22 20:42:35 Success.
2025-01-22 20:42:35 Latest version is 1.7.7
2025-01-22 20:42:35 App is up to date.
2025-01-22 21:42:35 Checking for update using Github
2025-01-22 21:42:35 Success.
2025-01-22 21:42:35 Latest version is 1.7.7
2025-01-22 21:42:35 App is up to date.
2025-01-22 23:47:32 Checking for update using Github
2025-01-22 23:47:32 Success.
2025-01-22 23:47:32 Latest version is 1.7.7
2025-01-22 23:47:32 App is up to date.
2025-01-23 02:18:39 Checking for update using Github
2025-01-23 02:18:40 Success.
2025-01-23 02:18:40 Latest version is 1.7.7
2025-01-23 02:18:40 App is up to date.
2025-01-23 15:34:55 Checking for update using Github
2025-01-23 15:34:55 Success.
2025-01-23 15:34:55 Latest version is 1.7.7
2025-01-23 15:34:55 App is up to date.
2025-01-23 18:00:14 Checking for update using Github
2025-01-23 18:00:14 Success.
2025-01-23 18:00:14 Latest version is 1.7.7
2025-01-23 18:00:14 App is up to date.
2025-01-23 19:00:14 Checking for update using Github
2025-01-23 19:00:14 Success.
2025-01-23 19:00:14 Latest version is 1.7.7
2025-01-23 19:00:14 App is up to date.
2025-01-23 21:11:41 Checking for update using Github
2025-01-23 21:11:41 Success.
2025-01-23 21:11:41 Latest version is 1.7.7
2025-01-23 21:11:41 App is up to date.
2025-01-23 22:11:41 Checking for update using Github
2025-01-23 22:11:42 Success.
2025-01-23 22:11:42 Latest version is 1.7.7
2025-01-23 22:11:42 App is up to date.
2025-01-23 23:11:41 Checking for update using Github
2025-01-23 23:11:42 Success.
2025-01-23 23:11:42 Latest version is 1.7.7
2025-01-23 23:11:42 App is up to date.
2025-01-24 00:11:42 Checking for update using Github
2025-01-24 00:11:42 Success.
2025-01-24 00:11:42 Latest version is 1.7.7
2025-01-24 00:11:42 App is up to date.
2025-01-24 01:40:49 Checking for update using Github
2025-01-24 01:40:49 Success.
2025-01-24 01:40:49 Latest version is 1.7.7
2025-01-24 01:40:49 App is up to date.
2025-01-24 02:40:49 Checking for update using Github
2025-01-24 02:40:49 Success.
2025-01-24 02:40:49 Latest version is 1.7.7
2025-01-24 02:40:49 App is up to date.
2025-01-24 03:40:49 Checking for update using Github
2025-01-24 03:40:49 Success.
2025-01-24 03:40:49 Latest version is 1.7.7
2025-01-24 03:40:49 App is up to date.
2025-01-24 04:40:49 Checking for update using Github
2025-01-24 04:40:49 Success.
2025-01-24 04:40:49 Latest version is 1.7.7
2025-01-24 04:40:49 App is up to date.
2025-01-24 14:54:15 Checking for update using Github
2025-01-24 14:54:15 Success.
2025-01-24 14:54:15 Latest version is 1.7.7
2025-01-24 14:54:15 App is up to date.
2025-01-24 16:13:43 Checking for update using Github
2025-01-24 16:13:43 Success.
2025-01-24 16:13:43 Latest version is 1.7.7
2025-01-24 16:13:43 App is up to date.
2025-01-24 17:13:43 Checking for update using Github
2025-01-24 17:13:43 Success.
2025-01-24 17:13:43 Latest version is 1.7.7
2025-01-24 17:13:43 App is up to date.
2025-01-24 18:13:43 Checking for update using Github
2025-01-24 18:13:43 Success.
2025-01-24 18:13:43 Latest version is 1.7.7
2025-01-24 18:13:43 App is up to date.
2025-01-24 19:13:43 Checking for update using Github
2025-01-24 19:13:43 Success.
2025-01-24 19:13:43 Latest version is 1.7.7
2025-01-24 19:13:43 App is up to date.
2025-01-24 20:13:43 Checking for update using Github
2025-01-24 20:13:43 Success.
2025-01-24 20:13:43 Latest version is 1.7.7
2025-01-24 20:13:43 App is up to date.
2025-01-24 21:13:43 Checking for update using Github
2025-01-24 21:13:43 Success.
2025-01-24 21:13:43 Latest version is 1.7.7
2025-01-24 21:13:43 App is up to date.
2025-01-24 22:13:43 Checking for update using Github
2025-01-24 22:13:43 Success.
2025-01-24 22:13:43 Latest version is 1.7.7
2025-01-24 22:13:43 App is up to date.
2025-01-24 23:13:43 Checking for update using Github
2025-01-24 23:13:43 Success.
2025-01-24 23:13:43 Latest version is 1.7.7
2025-01-24 23:13:43 App is up to date.
2025-01-25 00:13:43 Checking for update using Github
2025-01-25 00:13:43 Success.
2025-01-25 00:13:43 Latest version is 1.7.7
2025-01-25 00:13:43 App is up to date.
2025-01-25 01:13:43 Checking for update using Github
2025-01-25 01:13:43 Success.
2025-01-25 01:13:43 Latest version is 1.7.7
2025-01-25 01:13:43 App is up to date.
2025-01-25 02:13:43 Checking for update using Github
2025-01-25 02:13:43 Success.
2025-01-25 02:13:43 Latest version is 1.7.7
2025-01-25 02:13:43 App is up to date.
2025-01-25 03:13:43 Checking for update using Github
2025-01-25 03:13:43 Success.
2025-01-25 03:13:43 Latest version is 1.7.7
2025-01-25 03:13:43 App is up to date.
2025-01-25 04:13:43 Checking for update using Github
2025-01-25 04:13:43 Success.
2025-01-25 04:13:43 Latest version is 1.7.7
2025-01-25 04:13:43 App is up to date.
2025-01-25 23:46:52 Loading updated app package /home/emily747/.config/obsidian/obsidian-1.7.7.asar
2025-01-25 23:46:53 Checking for update using Github
2025-01-25 23:46:53 Success.
2025-01-25 23:46:53 Latest version is 1.7.7
2025-01-25 23:46:53 App is up to date.
2025-01-26 00:46:53 Checking for update using Github
2025-01-26 00:46:53 Success.
2025-01-26 00:46:53 Latest version is 1.7.7
2025-01-26 00:46:53 App is up to date.
2025-01-26 01:46:53 Checking for update using Github
2025-01-26 01:46:53 Success.
2025-01-26 01:46:53 Latest version is 1.7.7
2025-01-26 01:46:53 App is up to date.
2025-01-26 12:04:13 Checking for update using Github
2025-01-26 12:04:13 Success.
2025-01-26 12:04:13 Latest version is 1.7.7
2025-01-26 12:04:13 App is up to date.
2025-01-26 13:04:13 Checking for update using Github
2025-01-26 13:04:13 Success.
2025-01-26 13:04:13 Latest version is 1.7.7
2025-01-26 13:04:13 App is up to date.
2025-01-26 14:04:13 Checking for update using Github
2025-01-26 14:04:13 Success.
2025-01-26 14:04:13 Latest version is 1.7.7
2025-01-26 14:04:13 App is up to date.
2025-01-26 16:22:04 Checking for update using Github
2025-01-26 16:22:04 Success.
2025-01-26 16:22:04 Latest version is 1.7.7
2025-01-26 16:22:04 App is up to date.
2025-01-26 17:22:04 Checking for update using Github
2025-01-26 17:22:04 Success.
2025-01-26 17:22:04 Latest version is 1.7.7
2025-01-26 17:22:04 App is up to date.
2025-01-26 18:22:04 Checking for update using Github
2025-01-26 18:22:04 Success.
2025-01-26 18:22:04 Latest version is 1.7.7
2025-01-26 18:22:04 App is up to date.
2025-01-26 19:22:04 Checking for update using Github
2025-01-26 19:22:04 Success.
2025-01-26 19:22:04 Latest version is 1.7.7
2025-01-26 19:22:04 App is up to date.
2025-01-26 20:22:04 Checking for update using Github
2025-01-26 20:22:04 Success.
2025-01-26 20:22:04 Latest version is 1.7.7
2025-01-26 20:22:04 App is up to date.
2025-01-26 21:22:04 Checking for update using Github
2025-01-26 21:22:05 Success.
2025-01-26 21:22:05 Latest version is 1.7.7
2025-01-26 21:22:05 App is up to date.
2025-01-26 23:31:18 Checking for update using Github
2025-01-26 23:31:18 Success.
2025-01-26 23:31:18 Latest version is 1.7.7
2025-01-26 23:31:18 App is up to date.
2025-01-27 00:31:18 Checking for update using Github
2025-01-27 00:31:18 Success.
2025-01-27 00:31:18 Latest version is 1.7.7
2025-01-27 00:31:18 App is up to date.
2025-01-27 01:31:18 Checking for update using Github
2025-01-27 01:31:19 Success.
2025-01-27 01:31:19 Latest version is 1.7.7
2025-01-27 01:31:19 App is up to date.
2025-01-27 02:31:19 Checking for update using Github
2025-01-27 02:31:19 Success.
2025-01-27 02:31:19 Latest version is 1.7.7
2025-01-27 02:31:19 App is up to date.
2025-01-27 17:34:56 Checking for update using Github
2025-01-27 17:34:56 Success.
2025-01-27 17:34:56 Latest version is 1.7.7
2025-01-27 17:34:56 App is up to date.
2025-01-27 23:21:59 Checking for update using Github
2025-01-27 23:21:59 Success.
2025-01-27 23:21:59 Latest version is 1.7.7
2025-01-27 23:21:59 App is up to date.
2025-01-28 10:27:48 Checking for update using Github
2025-01-28 10:27:48 Success.
2025-01-28 10:27:48 Latest version is 1.7.7
2025-01-28 10:27:48 App is up to date.
2025-01-28 11:27:48 Checking for update using Github
2025-01-28 11:27:48 Success.
2025-01-28 11:27:48 Latest version is 1.7.7
2025-01-28 11:27:48 App is up to date.
2025-01-28 12:27:48 Checking for update using Github
2025-01-28 12:27:48 Success.
2025-01-28 12:27:48 Latest version is 1.7.7
2025-01-28 12:27:48 App is up to date.
2025-01-28 14:31:19 Checking for update using Github
2025-01-28 14:31:19 Success.
2025-01-28 14:31:19 Latest version is 1.7.7
2025-01-28 14:31:19 App is up to date.
2025-01-28 15:31:19 Checking for update using Github
2025-01-28 15:31:19 Success.
2025-01-28 15:31:19 Latest version is 1.7.7
2025-01-28 15:31:19 App is up to date.
2025-01-28 18:05:24 Checking for update using Github
2025-01-28 18:05:24 Success.
2025-01-28 18:05:24 Latest version is 1.7.7
2025-01-28 18:05:24 App is up to date.
2025-01-28 20:33:23 Checking for update using Github
2025-01-28 20:33:23 Success.
2025-01-28 20:33:23 Latest version is 1.7.7
2025-01-28 20:33:23 App is up to date.
2025-01-28 21:33:23 Checking for update using Github
2025-01-28 21:33:24 Success.
2025-01-28 21:33:24 Latest version is 1.7.7
2025-01-28 21:33:24 App is up to date.
2025-01-28 22:33:24 Checking for update using Github
2025-01-28 22:33:24 Success.
2025-01-28 22:33:24 Latest version is 1.7.7
2025-01-28 22:33:24 App is up to date.
2025-01-28 23:33:24 Checking for update using Github
2025-01-28 23:33:24 Success.
2025-01-28 23:33:24 Latest version is 1.7.7
2025-01-28 23:33:24 App is up to date.
2025-01-29 00:33:24 Checking for update using Github
2025-01-29 00:33:24 Success.
2025-01-29 00:33:24 Latest version is 1.7.7
2025-01-29 00:33:24 App is up to date.
2025-01-29 11:37:38 Checking for update using Github
2025-01-29 11:37:38 Success.
2025-01-29 11:37:38 Latest version is 1.7.7
2025-01-29 11:37:38 App is up to date.
2025-01-29 13:04:25 Loading updated app package /home/emily747/.config/obsidian/obsidian-1.7.7.asar
2025-01-29 13:04:26 Checking for update using Github
2025-01-29 13:04:26 Success.
2025-01-29 13:04:26 Latest version is 1.7.7
2025-01-29 13:04:26 App is up to date.
2025-01-29 15:00:15 Checking for update using Github
2025-01-29 15:00:15 Success.
2025-01-29 15:00:15 Latest version is 1.7.7
2025-01-29 15:00:15 App is up to date.
2025-01-29 16:00:16 Checking for update using Github
2025-01-29 16:00:16 Success.
2025-01-29 16:00:16 Latest version is 1.7.7
2025-01-29 16:00:16 App is up to date.
2025-01-29 22:06:10 Checking for update using Github
2025-01-29 22:06:10 Success.
2025-01-29 22:06:10 Latest version is 1.7.7
2025-01-29 22:06:10 App is up to date.
2025-01-29 23:06:10 Checking for update using Github
2025-01-29 23:06:10 Success.
2025-01-29 23:06:10 Latest version is 1.7.7
2025-01-29 23:06:10 App is up to date.
2025-01-30 00:06:10 Checking for update using Github
2025-01-30 00:06:10 Success.
2025-01-30 00:06:10 Latest version is 1.7.7
2025-01-30 00:06:10 App is up to date.
2025-01-30 01:06:10 Checking for update using Github
2025-01-30 01:06:10 Success.
2025-01-30 01:06:10 Latest version is 1.7.7
2025-01-30 01:06:10 App is up to date.
2025-01-30 02:06:10 Checking for update using Github
2025-01-30 02:06:10 Success.
2025-01-30 02:06:10 Latest version is 1.7.7
2025-01-30 02:06:10 App is up to date.
2025-01-30 03:06:10 Checking for update using Github
2025-01-30 03:06:11 Success.
2025-01-30 03:06:11 Latest version is 1.7.7
2025-01-30 03:06:11 App is up to date.
2025-01-30 04:06:11 Checking for update using Github
2025-01-30 04:06:11 Success.
2025-01-30 04:06:11 Latest version is 1.7.7
2025-01-30 04:06:11 App is up to date.
2025-01-30 05:06:11 Checking for update using Github
2025-01-30 05:06:11 Success.
2025-01-30 05:06:11 Latest version is 1.7.7
2025-01-30 05:06:11 App is up to date.
2025-01-30 16:28:42 Checking for update using Github
2025-01-30 16:28:42 Success.
2025-01-30 16:28:42 Latest version is 1.8.3
2025-01-30 16:28:42 Downloading update from https://github.com/obsidianmd/obsidian-releases/releases/download/v1.8.3/obsidian-1.8.3.asar.gz
2025-01-30 16:28:42 Verifying hash & signature. Size= 8123758
2025-01-30 16:28:42 Saving file
2025-01-30 16:28:43 Update complete.
2025-01-30 18:17:34 Checking for update using Github
2025-01-30 18:17:34 Success.
2025-01-30 18:17:34 Latest version is 1.8.3
2025-01-30 18:17:34 An update is already downloaded.
2025-01-30 20:00:17 Checking for update using Github
2025-01-30 20:00:17 Success.
2025-01-30 20:00:17 Latest version is 1.8.3
2025-01-30 20:00:17 An update is already downloaded.
2025-01-30 21:00:17 Checking for update using Github
2025-01-30 21:00:17 Success.
2025-01-30 21:00:17 Latest version is 1.8.3
2025-01-30 21:00:17 An update is already downloaded.
2025-01-30 22:00:17 Checking for update using Github
2025-01-30 22:00:17 Success.
2025-01-30 22:00:17 Latest version is 1.8.3
2025-01-30 22:00:17 An update is already downloaded.
2025-01-30 23:00:17 Checking for update using Github
2025-01-30 23:00:17 Success.
2025-01-30 23:00:17 Latest version is 1.8.3
2025-01-30 23:00:17 An update is already downloaded.
2025-01-31 00:00:17 Checking for update using Github
2025-01-31 00:00:17 Success.
2025-01-31 00:00:17 Latest version is 1.8.3
2025-01-31 00:00:17 An update is already downloaded.
2025-01-31 01:00:17 Checking for update using Github
2025-01-31 01:00:17 Success.
2025-01-31 01:00:17 Latest version is 1.8.3
2025-01-31 01:00:17 An update is already downloaded.
2025-01-31 02:00:17 Checking for update using Github
2025-01-31 02:00:17 Success.
2025-01-31 02:00:17 Latest version is 1.8.3
2025-01-31 02:00:17 An update is already downloaded.
2025-01-31 03:00:17 Checking for update using Github
2025-01-31 03:00:18 Success.
2025-01-31 03:00:18 Latest version is 1.8.3
2025-01-31 03:00:18 An update is already downloaded.
2025-01-31 12:56:22 Checking for update using Github
2025-01-31 12:56:22 Success.
2025-01-31 12:56:22 Latest version is 1.8.3
2025-01-31 12:56:22 An update is already downloaded.
2025-01-31 13:56:22 Checking for update using Github
2025-01-31 13:56:22 Success.
2025-01-31 13:56:22 Latest version is 1.8.3
2025-01-31 13:56:22 An update is already downloaded.
2025-01-31 14:56:22 Checking for update using Github
2025-01-31 14:56:22 Success.
2025-01-31 14:56:22 Latest version is 1.8.4
2025-01-31 14:56:22 Downloading update from https://github.com/obsidianmd/obsidian-releases/releases/download/v1.8.4/obsidian-1.8.4.asar.gz
2025-01-31 14:56:22 Verifying hash & signature. Size= 8123782
2025-01-31 14:56:22 Saving file
2025-01-31 14:56:22 Update complete.
2025-01-31 17:11:09 Checking for update using Github
2025-01-31 17:11:09 Success.
2025-01-31 17:11:09 Latest version is 1.8.4
2025-01-31 17:11:09 An update is already downloaded.
2025-01-31 18:11:09 Checking for update using Github
2025-01-31 18:11:09 Success.
2025-01-31 18:11:09 Latest version is 1.8.4
2025-01-31 18:11:09 An update is already downloaded.
2025-01-31 19:52:23 Checking for update using Github
2025-01-31 19:52:24 Success.
2025-01-31 19:52:24 Latest version is 1.8.4
2025-01-31 19:52:24 An update is already downloaded.
2025-01-31 23:37:14 Checking for update using Github
2025-01-31 23:37:14 Success.
2025-01-31 23:37:14 Latest version is 1.8.4
2025-01-31 23:37:14 An update is already downloaded.
2025-02-01 00:37:14 Checking for update using Github
2025-02-01 00:37:14 Success.
2025-02-01 00:37:14 Latest version is 1.8.4
2025-02-01 00:37:14 An update is already downloaded.
2025-02-01 01:37:14 Checking for update using Github
2025-02-01 01:37:14 Success.
2025-02-01 01:37:14 Latest version is 1.8.4
2025-02-01 01:37:14 An update is already downloaded.
2025-02-01 02:37:15 Checking for update using Github
2025-02-01 02:37:15 Success.
2025-02-01 02:37:15 Latest version is 1.8.4
2025-02-01 02:37:15 An update is already downloaded.
2025-02-01 03:37:15 Checking for update using Github
2025-02-01 03:37:15 Success.
2025-02-01 03:37:15 Latest version is 1.8.4
2025-02-01 03:37:15 An update is already downloaded.
2025-02-01 16:46:38 Checking for update using Github
2025-02-01 16:46:38 Success.
2025-02-01 16:46:38 Latest version is 1.8.4
2025-02-01 16:46:38 An update is already downloaded.
2025-02-01 17:46:38 Checking for update using Github
2025-02-01 17:46:38 Success.
2025-02-01 17:46:38 Latest version is 1.8.4
2025-02-01 17:46:38 An update is already downloaded.
2025-02-01 18:46:38 Checking for update using Github
2025-02-01 18:46:38 Success.
2025-02-01 18:46:38 Latest version is 1.8.4
2025-02-01 18:46:38 An update is already downloaded.
2025-02-01 19:46:38 Checking for update using Github
2025-02-01 19:46:38 Success.
2025-02-01 19:46:38 Latest version is 1.8.4
2025-02-01 19:46:38 An update is already downloaded.
2025-02-01 20:46:38 Checking for update using Github
2025-02-01 20:46:38 Success.
2025-02-01 20:46:38 Latest version is 1.8.4
2025-02-01 20:46:38 An update is already downloaded.
2025-02-01 21:46:38 Checking for update using Github
2025-02-01 21:46:38 Success.
2025-02-01 21:46:38 Latest version is 1.8.4
2025-02-01 21:46:38 An update is already downloaded.
2025-02-01 22:46:38 Checking for update using Github
2025-02-01 22:46:38 Success.
2025-02-01 22:46:38 Latest version is 1.8.4
2025-02-01 22:46:38 An update is already downloaded.
2025-02-01 23:46:38 Checking for update using Github
2025-02-01 23:46:39 Success.
2025-02-01 23:46:39 Latest version is 1.8.4
2025-02-01 23:46:39 An update is already downloaded.
2025-02-02 00:46:39 Checking for update using Github
2025-02-02 00:46:39 Success.
2025-02-02 00:46:39 Latest version is 1.8.4
2025-02-02 00:46:39 An update is already downloaded.
2025-02-02 01:46:39 Checking for update using Github
2025-02-02 01:46:39 Success.
2025-02-02 01:46:39 Latest version is 1.8.4
2025-02-02 01:46:39 An update is already downloaded.
2025-02-02 02:46:39 Checking for update using Github
2025-02-02 02:46:39 Success.
2025-02-02 02:46:39 Latest version is 1.8.4
2025-02-02 02:46:39 An update is already downloaded.
2025-02-02 03:46:39 Checking for update using Github
2025-02-02 03:46:39 Success.
2025-02-02 03:46:39 Latest version is 1.8.4
2025-02-02 03:46:39 An update is already downloaded.
2025-02-02 16:26:29 Checking for update using Github
2025-02-02 16:26:29 Success.
2025-02-02 16:26:29 Latest version is 1.8.4
2025-02-02 16:26:29 An update is already downloaded.
2025-02-02 17:26:29 Checking for update using Github
2025-02-02 17:26:30 Success.
2025-02-02 17:26:30 Latest version is 1.8.4
2025-02-02 17:26:30 An update is already downloaded.
2025-02-02 18:26:29 Checking for update using Github
2025-02-02 18:26:29 Success.
2025-02-02 18:26:29 Latest version is 1.8.4
2025-02-02 18:26:29 An update is already downloaded.
2025-02-02 19:26:29 Checking for update using Github
2025-02-02 19:26:29 Success.
2025-02-02 19:26:29 Latest version is 1.8.4
2025-02-02 19:26:29 An update is already downloaded.
2025-02-02 20:26:30 Checking for update using Github
2025-02-02 20:26:30 Success.
2025-02-02 20:26:30 Latest version is 1.8.4
2025-02-02 20:26:30 An update is already downloaded.
2025-02-02 21:26:30 Checking for update using Github
2025-02-02 21:26:30 Success.
2025-02-02 21:26:30 Latest version is 1.8.4
2025-02-02 21:26:30 An update is already downloaded.
2025-02-02 22:26:30 Checking for update using Github
2025-02-02 22:26:30 Success.
2025-02-02 22:26:30 Latest version is 1.8.4
2025-02-02 22:26:30 An update is already downloaded.
2025-02-02 23:26:30 Checking for update using Github
2025-02-02 23:26:30 Success.
2025-02-02 23:26:30 Latest version is 1.8.4
2025-02-02 23:26:30 An update is already downloaded.
2025-02-03 00:26:30 Checking for update using Github
2025-02-03 00:26:30 Success.
2025-02-03 00:26:30 Latest version is 1.8.4
2025-02-03 00:26:30 An update is already downloaded.
2025-02-03 01:26:30 Checking for update using Github
2025-02-03 01:26:30 Success.
2025-02-03 01:26:30 Latest version is 1.8.4
2025-02-03 01:26:30 An update is already downloaded.
2025-02-03 02:26:30 Checking for update using Github
2025-02-03 02:26:30 Success.
2025-02-03 02:26:30 Latest version is 1.8.4
2025-02-03 02:26:30 An update is already downloaded.
2025-02-03 03:26:30 Checking for update using Github
2025-02-03 03:26:30 Success.
2025-02-03 03:26:30 Latest version is 1.8.4
2025-02-03 03:26:30 An update is already downloaded.
2025-02-03 04:26:30 Checking for update using Github
2025-02-03 04:26:30 Success.
2025-02-03 04:26:30 Latest version is 1.8.4
2025-02-03 04:26:30 An update is already downloaded.
2025-02-03 16:20:15 Checking for update using Github
2025-02-03 16:20:15 Success.
2025-02-03 16:20:15 Latest version is 1.8.4
2025-02-03 16:20:15 An update is already downloaded.
2025-02-03 17:20:15 Checking for update using Github
2025-02-03 17:20:15 Success.
2025-02-03 17:20:15 Latest version is 1.8.4
2025-02-03 17:20:15 An update is already downloaded.
2025-02-03 18:20:15 Checking for update using Github
2025-02-03 18:20:15 Success.
2025-02-03 18:20:15 Latest version is 1.8.4
2025-02-03 18:20:15 An update is already downloaded.
2025-02-03 19:20:15 Checking for update using Github
2025-02-03 19:20:15 Success.
2025-02-03 19:20:15 Latest version is 1.8.4
2025-02-03 19:20:15 An update is already downloaded.
2025-02-03 20:20:15 Checking for update using Github
2025-02-03 20:20:15 Success.
2025-02-03 20:20:15 Latest version is 1.8.4
2025-02-03 20:20:15 An update is already downloaded.
2025-02-03 21:20:15 Checking for update using Github
2025-02-03 21:20:15 Success.
2025-02-03 21:20:15 Latest version is 1.8.4
2025-02-03 21:20:15 An update is already downloaded.
2025-02-04 17:41:44 Checking for update using Github
2025-02-04 17:41:44 Success.
2025-02-04 17:41:44 Latest version is 1.8.4
2025-02-04 17:41:44 An update is already downloaded.
2025-02-04 18:41:44 Checking for update using Github
2025-02-04 18:41:44 Success.
2025-02-04 18:41:44 Latest version is 1.8.4
2025-02-04 18:41:44 An update is already downloaded.
2025-02-04 19:41:44 Checking for update using Github
2025-02-04 19:41:44 Success.
2025-02-04 19:41:44 Latest version is 1.8.4
2025-02-04 19:41:44 An update is already downloaded.
2025-02-04 20:41:44 Checking for update using Github
2025-02-04 20:41:44 Success.
2025-02-04 20:41:44 Latest version is 1.8.4
2025-02-04 20:41:44 An update is already downloaded.
2025-02-04 21:41:44 Checking for update using Github
2025-02-04 21:41:44 Success.
2025-02-04 21:41:44 Latest version is 1.8.4
2025-02-04 21:41:44 An update is already downloaded.
2025-02-04 22:41:44 Checking for update using Github
2025-02-04 22:41:44 Success.
2025-02-04 22:41:44 Latest version is 1.8.4
2025-02-04 22:41:44 An update is already downloaded.
2025-02-04 23:41:44 Checking for update using Github
2025-02-04 23:41:44 Success.
2025-02-04 23:41:44 Latest version is 1.8.4
2025-02-04 23:41:44 An update is already downloaded.
2025-02-05 00:41:44 Checking for update using Github
2025-02-05 00:41:44 Success.
2025-02-05 00:41:44 Latest version is 1.8.4
2025-02-05 00:41:44 An update is already downloaded.
2025-02-05 01:41:44 Checking for update using Github
2025-02-05 01:41:45 Success.
2025-02-05 01:41:45 Latest version is 1.8.4
2025-02-05 01:41:45 An update is already downloaded.
2025-02-05 02:41:44 Checking for update using Github
2025-02-05 02:41:45 Success.
2025-02-05 02:41:45 Latest version is 1.8.4
2025-02-05 02:41:45 An update is already downloaded.
2025-02-05 04:29:40 Checking for update using Github
2025-02-05 04:29:40 Success.
2025-02-05 04:29:40 Latest version is 1.8.4
2025-02-05 04:29:40 An update is already downloaded.
2025-02-05 16:27:02 Checking for update using Github
2025-02-05 16:27:02 Success.
2025-02-05 16:27:02 Latest version is 1.8.4
2025-02-05 16:27:02 An update is already downloaded.
2025-02-05 17:27:02 Checking for update using Github
2025-02-05 17:27:02 Success.
2025-02-05 17:27:02 Latest version is 1.8.4
2025-02-05 17:27:02 An update is already downloaded.
2025-02-05 18:27:02 Checking for update using Github
2025-02-05 18:27:02 Success.
2025-02-05 18:27:02 Latest version is 1.8.4
2025-02-05 18:27:02 An update is already downloaded.
2025-02-05 19:27:02 Checking for update using Github
2025-02-05 19:27:03 Success.
2025-02-05 19:27:03 Latest version is 1.8.4
2025-02-05 19:27:03 An update is already downloaded.
2025-02-05 20:27:02 Checking for update using Github
2025-02-05 20:27:02 Success.
2025-02-05 20:27:02 Latest version is 1.8.4
2025-02-05 20:27:02 An update is already downloaded.
2025-02-05 21:27:02 Checking for update using Github
2025-02-05 21:27:02 Success.
2025-02-05 21:27:02 Latest version is 1.8.4
2025-02-05 21:27:02 An update is already downloaded.
2025-02-05 22:27:02 Checking for update using Github
2025-02-05 22:27:02 Success.
2025-02-05 22:27:02 Latest version is 1.8.4
2025-02-05 22:27:02 An update is already downloaded.
2025-02-05 23:27:03 Checking for update using Github
2025-02-05 23:27:03 Success.
2025-02-05 23:27:03 Latest version is 1.8.4
2025-02-05 23:27:03 An update is already downloaded.
2025-02-06 00:27:03 Checking for update using Github
2025-02-06 00:27:03 Success.
2025-02-06 00:27:03 Latest version is 1.8.4
2025-02-06 00:27:03 An update is already downloaded.
2025-02-06 01:27:03 Checking for update using Github
2025-02-06 01:27:03 Success.
2025-02-06 01:27:03 Latest version is 1.8.4
2025-02-06 01:27:03 An update is already downloaded.
2025-02-06 02:27:03 Checking for update using Github
2025-02-06 02:27:03 Success.
2025-02-06 02:27:03 Latest version is 1.8.4
2025-02-06 02:27:03 An update is already downloaded.
2025-02-06 03:27:03 Checking for update using Github
2025-02-06 03:27:03 Success.
2025-02-06 03:27:03 Latest version is 1.8.4
2025-02-06 03:27:03 An update is already downloaded.
2025-02-06 04:27:03 Checking for update using Github
2025-02-06 04:27:03 Success.
2025-02-06 04:27:03 Latest version is 1.8.4
2025-02-06 04:27:03 An update is already downloaded.
2025-02-06 05:27:03 Checking for update using Github
2025-02-06 05:27:03 Success.
2025-02-06 05:27:03 Latest version is 1.8.4
2025-02-06 05:27:03 An update is already downloaded.
2025-02-06 18:32:23 Checking for update using Github
2025-02-06 18:32:23 Success.
2025-02-06 18:32:23 Latest version is 1.8.4
2025-02-06 18:32:23 An update is already downloaded.
2025-02-06 19:35:23 Loading updated app package /home/emily747/.config/obsidian/obsidian-1.8.4.asar
2025-02-06 19:35:23 Checking for update using Github
2025-02-06 19:35:23 Success.
2025-02-06 19:35:23 Latest version is 1.8.4
2025-02-06 19:35:23 App is up to date.
2025-02-06 19:50:14 Loading updated app package /home/emily747/.config/obsidian/obsidian-1.8.4.asar
2025-02-06 19:50:14 Checking for update using Github
2025-02-06 19:50:14 Success.
2025-02-06 19:50:14 Latest version is 1.8.4
2025-02-06 19:50:14 App is up to date.
2025-02-06 23:19:15 Loading updated app package /home/emily747/.config/obsidian/obsidian-1.8.4.asar
2025-02-06 23:19:16 Checking for update using Github
2025-02-06 23:19:16 Success.
2025-02-06 23:19:16 Latest version is 1.8.4
2025-02-06 23:19:16 App is up to date.
2025-02-07 00:24:40 Loading updated app package /home/emily747/.config/obsidian/obsidian-1.8.4.asar
2025-02-07 00:24:40 Checking for update using Github
2025-02-07 00:24:40 Success.
2025-02-07 00:24:40 Latest version is 1.8.4
2025-02-07 00:24:40 App is up to date.
2025-02-07 01:24:40 Checking for update using Github
2025-02-07 01:24:40 Success.
2025-02-07 01:24:40 Latest version is 1.8.4
2025-02-07 01:24:40 App is up to date.
2025-02-07 02:25:14 Loading updated app package /home/emily747/.config/obsidian/obsidian-1.8.4.asar
2025-02-07 02:25:14 Checking for update using Github
2025-02-07 02:25:15 Success.
2025-02-07 02:25:15 Latest version is 1.8.4
2025-02-07 02:25:15 App is up to date.
2025-02-07 03:25:14 Checking for update using Github
2025-02-07 03:25:14 Success.
2025-02-07 03:25:14 Latest version is 1.8.4
2025-02-07 03:25:14 App is up to date.
2025-02-07 04:25:14 Checking for update using Github
2025-02-07 04:25:14 Success.
2025-02-07 04:25:14 Latest version is 1.8.4
2025-02-07 04:25:14 App is up to date.
